PS C:\visual projects\backtrader> python main.py
Registered strategy: 'hierarchical_mean_reversion' -> HierarchicalMeanReversionStrategy
Starting Unified Vectorized HFT Backtester...
Super-vectorized Hierarchical Mean Reversion Strategy
Unified CLI/GUI architecture - Maximum performance
Checking PyQt6 installation...
PyQt6 found - HFT GUI ready to launch
Checking numba optimization...
Numba found - HFT optimization enabled
Found 1 klines datasets ready for vectorized backtesting
Launching Unified Vectorized HFT GUI...
Available strategies: ['hierarchical_mean_reversion']
Available strategies: ['hierarchical_mean_reversion']
UNIFIED OPTIMIZATION MANAGER: Running optimization with new unified system
UNIFIED OPTIMIZATION MANAGER: Validating configuration with ConfigValidator
Optimization warnings: Strategy parameter 'measurement_noise_r' (5.0) is above recommended maximum (2.0); Strategy parameter 'hl_min' (1.0) is below recommended minimum (2.0); Strategy parameter 's_entry' (0.05) is below recommended minimum (1.0); No limit on klines - may cause memory issues with large datasets
UNIFIED OPTIMIZATION MANAGER: Executing optimization with FastStrategyOptimizer
Loading cached data from optimization_cache\data_7488ca5c750cc2ff.pkl
DEBUG: Loaded cached_data type: <class 'dict'>
DEBUG: cached_data keys: ['full', 'p50', 'p25', 'p10', 'full_size']
DEBUG: full type: <class 'pandas.core.frame.DataFrame'>
DEBUG: full keys: ['Symbol', 'time', 'open', 'high', 'low', 'close', 'Volume', 'datetime', 'price_range', 'body_size']
DEBUG: full columns: ['Symbol', 'time', 'open', 'high', 'low', 'close', 'Volume', 'datetime', 'price_range', 'body_size']
DEBUG: p50 type: <class 'pandas.core.frame.DataFrame'>
DEBUG: p50 keys: ['Symbol', 'time', 'open', 'high', 'low', 'close', 'Volume', 'datetime', 'price_range', 'body_size']
DEBUG: p50 columns: ['Symbol', 'time', 'open', 'high', 'low', 'close', 'Volume', 'datetime', 'price_range', 'body_size']
DEBUG: p25 type: <class 'pandas.core.frame.DataFrame'>
DEBUG: p25 keys: ['Symbol', 'time', 'open', 'high', 'low', 'close', 'Volume', 'datetime', 'price_range', 'body_size']
DEBUG: p25 columns: ['Symbol', 'time', 'open', 'high', 'low', 'close', 'Volume', 'datetime', 'price_range', 'body_size']
DEBUG: p10 type: <class 'pandas.core.frame.DataFrame'>
DEBUG: p10 keys: ['Symbol', 'time', 'open', 'high', 'low', 'close', 'Volume', 'datetime', 'price_range', 'body_size']
DEBUG: p10 columns: ['Symbol', 'time', 'open', 'high', 'low', 'close', 'Volume', 'datetime', 'price_range', 'body_size']
Starting FAST optimization for hierarchical_mean_reversion on ASTERUSDT
Data: upload/klines\ASTERUSDT-klines-10s-2025-09-20_to_2025-09-21.csv
Objective: sharpe_ratio
Trials: 100
Parallel jobs: -1
Adaptive evaluation: True
Direction: maximize
------------------------------------------------------------
C:\Users\Георгий\AppData\Local\Programs\Python\Python311\Lib\site-packages\optuna\samplers\_tpe\sampler.py:295: ExperimentalWarning:

``multivariate`` option is an experimental feature. The interface can change in the future.

C:\Users\Георгий\AppData\Local\Programs\Python\Python311\Lib\site-packages\optuna\samplers\_tpe\sampler.py:306: ExperimentalWarning:

``group`` option is an experimental feature. The interface can change in the future.

[I 2025-10-07 01:50:59,662] A new study created in memory with name: hierarchical_mean_reversion_ASTERUSDT_20251007_015058
Running optimization with 8 parallel jobs...
DEBUG: Starting trial 0
DEBUG: Starting trial 1
DEBUG: Starting trial 2
DEBUG: Starting trial 3
DEBUG: Starting trial 4
DEBUG: Starting trial 5
DEBUG: Starting trial 6
DEBUG: Starting trial 7
DEBUG: Generated params: {'measurement_noise_r': 1.795814131869735, 'process_noise_q': 0.09842647212373117, 'hmm_window_size': 77, 'prob_threshold_trend': 0.9109644535902186, 'prob_threshold_sideways': 0.6415915838720938, 'prob_threshold_dead': 0.7722711572298625, 'ou_window_size': 37, 'hl_min': 19.51469496513681, 'hl_max': 81.5862962077278, 'relative_uncertainty_threshold': 0.6356442453159772, 'uncertainty_threshold': 0.9877306203004685, 's_entry': 2.8335076165693196, 'z_stop': 5.376570203590415, 'timeout_multiplier': 2.2525289007282012, 'initial_capital': 44291.172184208706, 'commission_pct': 0.00034950380023359594}
DEBUG: Generated params: {'measurement_noise_r': 0.14079085198754596, 'process_noise_q': 0.1121973750764532, 'hmm_window_size': 49, 'prob_threshold_trend': 0.9328801422487453, 'prob_threshold_sideways': 0.6741079315617836, 'prob_threshold_dead': 0.9531332150837432, 'ou_window_size': 101, 'hl_min': 28.007855629608468, 'hl_max': 175.95873250692892, 'relative_uncertainty_threshold': 0.7644829588584039, 'uncertainty_threshold': 0.8451604942061659, 's_entry': 2.1693217021059024, 'z_stop': 3.7326597540544597, 'timeout_multiplier': 1.963464550137727, 'initial_capital': 13075.938629439137, 'commission_pct': 0.00038182903069572735}
DEBUG: Using data_key=p10, data_size_pct=0.1
DEBUG: Accessing cached_data with key 'p10'
DEBUG: Using data_key=p10, data_size_pct=0.1
DEBUG: Available keys in cached_data: ['full', 'p50', 'p25', 'p10', 'full_size']
DEBUG: Accessing cached_data with key 'p10'
DEBUG: Retrieved data_arrays, type=<class 'pandas.core.frame.DataFrame'>
DEBUG: Available keys in cached_data: ['full', 'p50', 'p25', 'p10', 'full_size']
DEBUG: data_key=p10
DEBUG: Retrieved data_arrays, type=<class 'pandas.core.frame.DataFrame'>
DEBUG: data_arrays keys=['Symbol', 'time', 'open', 'high', 'low', 'close', 'Volume', 'datetime', 'price_range', 'body_size']
DEBUG: Generated params: {'measurement_noise_r': 1.9322666913115092, 'process_noise_q': 0.03796658372813542, 'hmm_window_size': 64, 'prob_threshold_trend': 0.5820473277418208, 'prob_threshold_sideways': 0.3193941319300473, 'prob_threshold_dead': 0.71482389623433, 'ou_window_size': 58, 'hl_min': 9.61535239554895, 'hl_max': 182.92614161338597, 'relative_uncertainty_threshold': 0.3567308885919249, 'uncertainty_threshold': 0.2251048589850469, 's_entry': 3.857933394861658, 'z_stop': 5.257623384072609, 'timeout_multiplier': 2.58108805944445, 'initial_capital': 53486.57915449992, 'commission_pct': 0.00046604361989254633}
DEBUG: data_key=p10
DEBUG: Generated params: {'measurement_noise_r': 0.8744755168192068, 'process_noise_q': 0.0559245048175226, 'hmm_window_size': 34, 'prob_threshold_trend': 0.8336806198194697, 'prob_threshold_sideways': 0.6278923508921337, 'prob_threshold_dead': 0.7036092970894667, 'ou_window_size': 137, 'hl_min': 29.983461055037214, 'hl_max': 68.72850841159264, 'relative_uncertainty_threshold': 0.9253926653009839, 'uncertainty_threshold': 0.8699101590490417, 's_entry': 1.7446552645416702, 'z_stop': 3.4414333369346615, 'timeout_multiplier': 2.4819997731027463, 'initial_capital': 92462.56078012324, 'commission_pct': 0.00044404552451020866}
DEBUG: Using data_key=p10, data_size_pct=0.1
DEBUG: Generated params: {'measurement_noise_r': 1.0582377457338275, 'process_noise_q': 0.07659668566017945, 'hmm_window_size': 50, 'prob_threshold_trend': 0.6237845531284983, 'prob_threshold_sideways': 0.38235849235416197, 'prob_threshold_dead': 0.866296592400845, 'ou_window_size': 35, 'hl_min': 17.231564981193372, 'hl_max': 105.40156395975107, 'relative_uncertainty_threshold': 0.49336297468335755, 'uncertainty_threshold': 0.6860067547567152, 's_entry': 3.409649938662973, 'z_stop': 3.7270133934809793, 'timeout_multiplier': 4.959781319360937, 'initial_capital': 43937.673723608495, 'commission_pct': 0.0009177071608405126}
DEBUG: Generated params: {'measurement_noise_r': 1.338154157199373, 'process_noise_q': 0.08848524153424954, 'hmm_window_size': 44, 'prob_threshold_trend': 0.7760394056640898, 'prob_threshold_sideways': 0.8003435233526408, 'prob_threshold_dead': 0.9416997046439725, 'ou_window_size': 30, 'hl_min': 21.16087061431472, 'hl_max': 43.63026134820172, 'relative_uncertainty_threshold': 0.677740746557778, 'uncertainty_threshold': 0.9103624466194198, 's_entry': 3.9552988760439804, 'z_stop': 3.4857416687081813, 'timeout_multiplier': 2.19178096130898, 'initial_capital': 15519.480387281472, 'commission_pct': 0.00011168353803956251}
DEBUG: Generated params: {'measurement_noise_r': 0.8627688209294934, 'process_noise_q': 0.052242735132103126, 'hmm_window_size': 91, 'prob_threshold_trend': 0.666530238918948, 'prob_threshold_sideways': 0.47185563180971984, 'prob_threshold_dead': 0.9099294131182841, 'ou_window_size': 169, 'hl_min': 26.74983615367924, 'hl_max': 161.47098355016934, 'relative_uncertainty_threshold': 0.4661804078970673, 'uncertainty_threshold': 0.40706064161424016, 's_entry': 2.3484703665423656, 'z_stop': 3.3397873105263147, 'timeout_multiplier': 3.2397421188777797, 'initial_capital': 9162.68655775872, 'commission_pct': 0.0003649179587473886}
DEBUG: Accessing cached_data with key 'p10'
DEBUG: Using data_key=p10, data_size_pct=0.1
DEBUG: Using data_key=p10, data_size_pct=0.1
DEBUG: Using data_key=p10, data_size_pct=0.1
DEBUG: Generated params: {'measurement_noise_r': 1.5303637309189673, 'process_noise_q': 0.013008199783494517, 'hmm_window_size': 39, 'prob_threshold_trend': 0.6177831758893262, 'prob_threshold_sideways': 0.6791129419643464, 'prob_threshold_dead': 0.8641320497533067, 'ou_window_size': 196, 'hl_min': 21.595594642004578, 'hl_max': 193.07817690392466, 'relative_uncertainty_threshold': 0.27694907959408477, 'uncertainty_threshold': 0.33253989618018687, 's_entry': 3.26001064143208, 'z_stop': 3.688906237952449, 'timeout_multiplier': 4.9956744141857055, 'initial_capital': 30416.85936632494, 'commission_pct': 0.0005853010466758383}
DEBUG: data_arrays keys=['Symbol', 'time', 'open', 'high', 'low', 'close', 'Volume', 'datetime', 'price_range', 'body_size']
DEBUG: Using data_key=p10, data_size_pct=0.1
DEBUG: 'times' in data_arrays=False
DEBUG: Available keys in cached_data: ['full', 'p50', 'p25', 'p10', 'full_size']
DEBUG: Accessing cached_data with key 'p10'
DEBUG: Accessing cached_data with key 'p10'
DEBUG: Accessing cached_data with key 'p10'
DEBUG: Using data_key=p10, data_size_pct=0.1
DEBUG: 'times' in data_arrays=False
DEBUG: Accessing cached_data with key 'p10'
DEBUG: 'closes' in data_arrays=False
DEBUG: Retrieved data_arrays, type=<class 'pandas.core.frame.DataFrame'>
DEBUG: Available keys in cached_data: ['full', 'p50', 'p25', 'p10', 'full_size']
DEBUG: Available keys in cached_data: ['full', 'p50', 'p25', 'p10', 'full_size']
DEBUG: Available keys in cached_data: ['full', 'p50', 'p25', 'p10', 'full_size']
DEBUG: Accessing cached_data with key 'p10'
DEBUG: 'closes' in data_arrays=False
DEBUG: Available keys in cached_data: ['full', 'p50', 'p25', 'p10', 'full_size']
DEBUG: Calling turbo_process_dataset with numpy arrays...
DEBUG: data_key=p10
DEBUG: Retrieved data_arrays, type=<class 'pandas.core.frame.DataFrame'>
DEBUG: Retrieved data_arrays, type=<class 'pandas.core.frame.DataFrame'>
DEBUG: Retrieved data_arrays, type=<class 'pandas.core.frame.DataFrame'>
DEBUG: Available keys in cached_data: ['full', 'p50', 'p25', 'p10', 'full_size']
DEBUG: Calling turbo_process_dataset with numpy arrays...
DEBUG: Retrieved data_arrays, type=<class 'pandas.core.frame.DataFrame'>
DEBUG: About to call strategy.turbo_process_dataset
DEBUG: data_arrays keys=['Symbol', 'time', 'open', 'high', 'low', 'close', 'Volume', 'datetime', 'price_range', 'body_size']
DEBUG: data_key=p10
DEBUG: data_key=p10
DEBUG: data_key=p10
DEBUG: Retrieved data_arrays, type=<class 'pandas.core.frame.DataFrame'>
DEBUG: About to call strategy.turbo_process_dataset
DEBUG: data_key=p10
DEBUG: times available: False
DEBUG: 'times' in data_arrays=False
DEBUG: data_arrays keys=['Symbol', 'time', 'open', 'high', 'low', 'close', 'Volume', 'datetime', 'price_range', 'body_size']
DEBUG: data_arrays keys=['Symbol', 'time', 'open', 'high', 'low', 'close', 'Volume', 'datetime', 'price_range', 'body_size']
DEBUG: data_arrays keys=['Symbol', 'time', 'open', 'high', 'low', 'close', 'Volume', 'datetime', 'price_range', 'body_size']
DEBUG: data_key=p10
DEBUG: times available: False
DEBUG: data_arrays keys=['Symbol', 'time', 'open', 'high', 'low', 'close', 'Volume', 'datetime', 'price_range', 'body_size']
DEBUG: closes available: False
DEBUG: 'closes' in data_arrays=False
DEBUG: 'times' in data_arrays=False
DEBUG: 'times' in data_arrays=False
DEBUG: 'times' in data_arrays=False
DEBUG: data_arrays keys=['Symbol', 'time', 'open', 'high', 'low', 'close', 'Volume', 'datetime', 'price_range', 'body_size']
DEBUG: closes available: False
DEBUG: 'times' in data_arrays=False
DEBUG: turbo_process_dataset called
DEBUG: 'closes' in data_arrays=False
DEBUG: 'times' in data_arrays=False
DEBUG: turbo_process_dataset called
DEBUG: 'closes' in data_arrays=False
DEBUG: Calling turbo_process_dataset with numpy arrays...
DEBUG: 'closes' in data_arrays=False
DEBUG: 'closes' in data_arrays=False
DEBUG: Calling turbo_process_dataset with numpy arrays...
DEBUG: About to call strategy.turbo_process_dataset
DEBUG: Calling turbo_process_dataset with numpy arrays...
DEBUG: Calling turbo_process_dataset with numpy arrays...
DEBUG: Calling turbo_process_dataset with numpy arrays...
DEBUG: 'closes' in data_arrays=False
DEBUG: times type=<class 'numpy.ndarray'>, is None=False
DEBUG: times type=<class 'numpy.ndarray'>, is None=False
DEBUG: About to call strategy.turbo_process_dataset
DEBUG: times available: False
DEBUG: About to call strategy.turbo_process_dataset
DEBUG: About to call strategy.turbo_process_dataset
DEBUG: times available: False
DEBUG: Calling turbo_process_dataset with numpy arrays...
DEBUG: times shape=(1728,)
DEBUG: times shape=(1728,)
DEBUG: times available: False
DEBUG: closes available: False
DEBUG: times available: False
DEBUG: About to call strategy.turbo_process_dataset
DEBUG: closes available: False
DEBUG: About to call strategy.turbo_process_dataset
DEBUG: prices type=<class 'numpy.ndarray'>, is None=False
DEBUG: prices type=<class 'numpy.ndarray'>, is None=False
DEBUG: closes available: False
DEBUG: turbo_process_dataset called
DEBUG: closes available: False
DEBUG: times available: False
DEBUG: turbo_process_dataset called
DEBUG: times available: False
DEBUG: prices shape=(1728,)
DEBUG: prices shape=(1728,)
DEBUG: turbo_process_dataset called
DEBUG: times type=<class 'numpy.ndarray'>, is None=False
DEBUG: turbo_process_dataset called
DEBUG: closes available: False
DEBUG: times type=<class 'numpy.ndarray'>, is None=False
DEBUG: closes available: False
DEBUG: closes type=<class 'numpy.ndarray'>, is None=False
DEBUG: closes type=<class 'numpy.ndarray'>, is None=False
DEBUG: times type=<class 'numpy.ndarray'>, is None=False
DEBUG: times shape=(1728,)
DEBUG: times type=<class 'numpy.ndarray'>, is None=False
DEBUG: turbo_process_dataset called
DEBUG: times shape=(1728,)
DEBUG: turbo_process_dataset called
DEBUG: closes shape=(1728,)
DEBUG: closes shape=(1728,)
DEBUG: times shape=(1728,)
DEBUG: prices type=<class 'numpy.ndarray'>, is None=False
DEBUG: times shape=(1728,)
DEBUG: times type=<class 'numpy.ndarray'>, is None=False
DEBUG: prices type=<class 'numpy.ndarray'>, is None=False
DEBUG: times type=<class 'numpy.ndarray'>, is None=False
[ULTRA-FAST TURBO] Processing 1728 bars directly with numpy arrays...
[ULTRA-FAST TURBO] Processing 1728 bars directly with numpy arrays...
DEBUG: prices type=<class 'numpy.ndarray'>, is None=False
DEBUG: prices shape=(1728,)
DEBUG: prices type=<class 'numpy.ndarray'>, is None=False
DEBUG: times shape=(1728,)
DEBUG: prices shape=(1728,)
DEBUG: times shape=(1728,)
DEBUG: Data split - train_size=518, test_times len=1210
DEBUG: Data split - train_size=518, test_times len=1210
DEBUG: prices shape=(1728,)
DEBUG: closes type=<class 'numpy.ndarray'>, is None=False
DEBUG: prices shape=(1728,)
DEBUG: prices type=<class 'numpy.ndarray'>, is None=False
DEBUG: closes type=<class 'numpy.ndarray'>, is None=False
DEBUG: prices type=<class 'numpy.ndarray'>, is None=False
DEBUG: test_times type=<class 'numpy.ndarray'>, shape=(1210,)
DEBUG: test_times type=<class 'numpy.ndarray'>, shape=(1210,)
DEBUG: closes type=<class 'numpy.ndarray'>, is None=False
DEBUG: closes shape=(1728,)
DEBUG: closes type=<class 'numpy.ndarray'>, is None=False
DEBUG: prices shape=(1728,)
DEBUG: closes shape=(1728,)
DEBUG: prices shape=(1728,)
DEBUG: test_closes type=<class 'numpy.ndarray'>, shape=(1210,)
DEBUG: test_closes type=<class 'numpy.ndarray'>, shape=(1210,)
DEBUG: closes shape=(1728,)
[ULTRA-FAST TURBO] Processing 1728 bars directly with numpy arrays...
DEBUG: closes shape=(1728,)
DEBUG: closes type=<class 'numpy.ndarray'>, is None=False
[ULTRA-FAST TURBO] Processing 1728 bars directly with numpy arrays...
DEBUG: closes type=<class 'numpy.ndarray'>, is None=False
[ULTRA-FAST TURBO] Training HMM...
[ULTRA-FAST TURBO] Training HMM...
[ULTRA-FAST TURBO] Processing 1728 bars directly with numpy arrays...
DEBUG: Data split - train_size=518, test_times len=1210
[ULTRA-FAST TURBO] Processing 1728 bars directly with numpy arrays...
DEBUG: Data split - train_size=518, test_times len=1210
DEBUG: closes shape=(1728,)
DEBUG: closes shape=(1728,)
DEBUG: Data split - train_size=518, test_times len=1210
DEBUG: test_times type=<class 'numpy.ndarray'>, shape=(1210,)
DEBUG: Data split - train_size=518, test_times len=1210
DEBUG: test_times type=<class 'numpy.ndarray'>, shape=(1210,)
DEBUG: test_times type=<class 'numpy.ndarray'>, shape=(1210,)
DEBUG: test_closes type=<class 'numpy.ndarray'>, shape=(1210,)
DEBUG: test_times type=<class 'numpy.ndarray'>, shape=(1210,)
[ULTRA-FAST TURBO] Processing 1728 bars directly with numpy arrays...
[ULTRA-FAST TURBO] Processing 1728 bars directly with numpy arrays...
DEBUG: test_closes type=<class 'numpy.ndarray'>, shape=(1210,)
DEBUG: Data split - train_size=518, test_times len=1210
DEBUG: Data split - train_size=518, test_times len=1210
DEBUG: test_closes type=<class 'numpy.ndarray'>, shape=(1210,)
[ULTRA-FAST TURBO] Training HMM...
DEBUG: test_closes type=<class 'numpy.ndarray'>, shape=(1210,)
[ULTRA-FAST TURBO] Training HMM...
DEBUG: test_times type=<class 'numpy.ndarray'>, shape=(1210,)
[ULTRA-FAST TURBO] Training HMM...
DEBUG: test_times type=<class 'numpy.ndarray'>, shape=(1210,)
[ULTRA-FAST TURBO] Training HMM...
DEBUG: test_closes type=<class 'numpy.ndarray'>, shape=(1210,)
[ULTRA-FAST TURBO] Training HMM...
DEBUG: test_closes type=<class 'numpy.ndarray'>, shape=(1210,)
[ULTRA-FAST TURBO] Training HMM...
[ULTRA-FAST TURBO] Running Kalman Filter (batch)...
[ULTRA-FAST TURBO] Running Kalman Filter (batch)...
[ULTRA-FAST TURBO] Running Kalman Filter (batch)...
[ULTRA-FAST TURBO] Running Kalman Filter (batch)...
[ULTRA-FAST TURBO] Running Kalman Filter (batch)...
[ULTRA-FAST TURBO] Running Kalman Filter (batch)...
[ULTRA-FAST TURBO] Running Kalman Filter (batch)...
[ULTRA-FAST TURBO] Running Kalman Filter (batch)...
[ULTRA-FAST TURBO] Detecting regimes (batch)...
[ULTRA-FAST TURBO] Detecting regimes (batch)...
[ULTRA-FAST TURBO] Detecting regimes (batch)...
[ULTRA-FAST TURBO] Calculating OU half-lives (vectorized)...
[ULTRA-FAST TURBO] Calculating OU half-lives (vectorized)...
[ULTRA-FAST TURBO] Calculating OU half-lives (vectorized)...
[ULTRA-FAST TURBO] Generating signals...
[ULTRA-FAST TURBO] Generating signals...
[ULTRA-FAST TURBO] Building trades...
DEBUG: _build_trades_vectorized called
DEBUG: times type=<class 'numpy.ndarray'>, shape=(1210,)
[ULTRA-FAST TURBO] Building trades...
DEBUG: prices type=<class 'numpy.ndarray'>, shape=(1210,)
DEBUG: _build_trades_vectorized called
DEBUG: z_scores type=<class 'numpy.ndarray'>, shape=(1210,)
DEBUG: times type=<class 'numpy.ndarray'>, shape=(1210,)
[ULTRA-FAST TURBO] Complete! Generated 0 trades
DEBUG: prices type=<class 'numpy.ndarray'>, shape=(1210,)
DEBUG: turbo_process_dataset completed successfully
[I 2025-10-07 01:51:08,568] Trial 5 finished with value: -10.0 and parameters: {'measurement_noise_r': 1.338154157199373, 'process_noise_q': 0.08848524153424954, 'hmm_window_size': 44, 'prob_threshold_trend': 0.7760394056640898, 'prob_threshold_sideways': 0.8003435233526408, 'prob_threshold_dead': 0.9416997046439725, 'ou_window_size': 30, 'hl_min': 21.16087061431472, 'hl_max': 43.63026134820172, 'relative_uncertainty_threshold': 0.677740746557778, 'uncertainty_threshold': 0.9103624466194198, 's_entry': 3.9552988760439804, 'z_stop': 3.4857416687081813, 'timeout_multiplier': 2.19178096130898, 'initial_capital': 15519.480387281472, 'commission_pct': 0.00011168353803956251}. Best is trial 5 with value: -10.0.
DEBUG: z_scores type=<class 'numpy.ndarray'>, shape=(1210,)
[ULTRA-FAST TURBO] Generating signals...
[ULTRA-FAST TURBO] Complete! Generated 0 trades
DEBUG: Starting trial 8
DEBUG: turbo_process_dataset completed successfully
