[I 2025-10-07 01:51:08,581] Trial 7 finished with value: -10.0 and parameters: {'measurement_noise_r': 1.5303637309189673, 'process_noise_q': 0.013008199783494517, 'hmm_window_size': 39, 'prob_threshold_trend': 0.6177831758893262, 'prob_threshold_sideways': 0.6791129419643464, 'prob_threshold_dead': 0.8641320497533067, 'ou_window_size': 196, 'hl_min': 21.595594642004578, 'hl_max': 193.07817690392466, 'relative_uncertainty_threshold': 0.27694907959408477, 'uncertainty_threshold': 0.33253989618018687, 's_entry': 3.26001064143208, 'z_stop': 3.688906237952449, 'timeout_multiplier': 4.9956744141857055, 'initial_capital': 30416.85936632494, 'commission_pct': 0.0005853010466758383}. Best is trial 5 with value: -10.0.
[ULTRA-FAST TURBO] Building trades...
DEBUG: _build_trades_vectorized called
DEBUG: times type=<class 'numpy.ndarray'>, shape=(1210,)
DEBUG: prices type=<class 'numpy.ndarray'>, shape=(1210,)
DEBUG: Starting trial 9
DEBUG: z_scores type=<class 'numpy.ndarray'>, shape=(1210,)
DEBUG: Generated params: {'measurement_noise_r': 0.4283921572748861, 'process_noise_q': 0.1853107866787825, 'hmm_window_size': 64, 'prob_threshold_trend': 0.6894921899263501, 'prob_threshold_sideways': 0.7801837104542015, 'prob_threshold_dead': 0.7247903278095219, 'ou_window_size': 81, 'hl_min': 26.351701818367847, 'hl_max': 74.1742210288206, 'relative_uncertainty_threshold': 0.21737303714030753, 'uncertainty_threshold': 0.9343334404140491, 's_entry': 3.2595674444699894, 'z_stop': 4.5326311484536035, 'timeout_multiplier': 3.09335957991741, 'initial_capital': 27530.590378811215, 'commission_pct': 0.0003430026294615591}
[ULTRA-FAST TURBO] Complete! Generated 0 trades
DEBUG: Using data_key=p10, data_size_pct=0.1
DEBUG: turbo_process_dataset completed successfully
[I 2025-10-07 01:51:08,617] Trial 6 finished with value: -10.0 and parameters: {'measurement_noise_r': 1.0582377457338275, 'process_noise_q': 0.07659668566017945, 'hmm_window_size': 50, 'prob_threshold_trend': 0.6237845531284983, 'prob_threshold_sideways': 0.38235849235416197, 'prob_threshold_dead': 0.866296592400845, 'ou_window_size': 35, 'hl_min': 17.231564981193372, 'hl_max': 105.40156395975107, 'relative_uncertainty_threshold': 0.49336297468335755, 'uncertainty_threshold': 0.6860067547567152, 's_entry': 3.409649938662973, 'z_stop': 3.7270133934809793, 'timeout_multiplier': 4.959781319360937, 'initial_capital': 43937.673723608495, 'commission_pct': 0.0009177071608405126}. Best is trial 5 with value: -10.0.
DEBUG: Accessing cached_data with key 'p10'
DEBUG: Generated params: {'measurement_noise_r': 1.5754846779566278, 'process_noise_q': 0.17706568716387297, 'hmm_window_size': 44, 'prob_threshold_trend': 0.679474068378878, 'prob_threshold_sideways': 0.5973570318184469, 'prob_threshold_dead': 0.9282653470255336, 'ou_window_size': 67, 'hl_min': 10.087416194312162, 'hl_max': 72.29108407494707, 'relative_uncertainty_threshold': 0.7364303703437225, 'uncertainty_threshold': 0.3505649731885508, 's_entry': 2.106509409017917, 'z_stop': 4.396790588738175, 'timeout_multiplier': 2.3991060142855694, 'initial_capital': 70182.74550611594, 'commission_pct': 0.00017140940128417247}
DEBUG: Starting trial 10
DEBUG: Using data_key=p10, data_size_pct=0.1
DEBUG: Available keys in cached_data: ['full', 'p50', 'p25', 'p10', 'full_size']
DEBUG: Accessing cached_data with key 'p10'
DEBUG: Retrieved data_arrays, type=<class 'pandas.core.frame.DataFrame'>
DEBUG: Available keys in cached_data: ['full', 'p50', 'p25', 'p10', 'full_size']
DEBUG: data_key=p10
DEBUG: Retrieved data_arrays, type=<class 'pandas.core.frame.DataFrame'>
DEBUG: data_arrays keys=['Symbol', 'time', 'open', 'high', 'low', 'close', 'Volume', 'datetime', 'price_range', 'body_size']
DEBUG: data_key=p10
DEBUG: 'times' in data_arrays=False
DEBUG: data_arrays keys=['Symbol', 'time', 'open', 'high', 'low', 'close', 'Volume', 'datetime', 'price_range', 'body_size']
DEBUG: 'closes' in data_arrays=False
DEBUG: 'times' in data_arrays=False
DEBUG: Calling turbo_process_dataset with numpy arrays...
DEBUG: 'closes' in data_arrays=False
DEBUG: About to call strategy.turbo_process_dataset
DEBUG: Calling turbo_process_dataset with numpy arrays...
DEBUG: times available: False
DEBUG: About to call strategy.turbo_process_dataset
DEBUG: closes available: False
DEBUG: times available: False
DEBUG: turbo_process_dataset called
DEBUG: closes available: False
DEBUG: times type=<class 'numpy.ndarray'>, is None=False
DEBUG: turbo_process_dataset called
DEBUG: times shape=(1728,)
DEBUG: times type=<class 'numpy.ndarray'>, is None=False
DEBUG: prices type=<class 'numpy.ndarray'>, is None=False
DEBUG: times shape=(1728,)
DEBUG: prices shape=(1728,)
DEBUG: prices type=<class 'numpy.ndarray'>, is None=False
DEBUG: closes type=<class 'numpy.ndarray'>, is None=False
DEBUG: prices shape=(1728,)
DEBUG: closes type=<class 'numpy.ndarray'>, is None=False
DEBUG: closes shape=(1728,)
DEBUG: closes shape=(1728,)
[ULTRA-FAST TURBO] Processing 1728 bars directly with numpy arrays...
[ULTRA-FAST TURBO] Processing 1728 bars directly with numpy arrays...
DEBUG: Data split - train_size=518, test_times len=1210
DEBUG: Data split - train_size=518, test_times len=1210
DEBUG: test_times type=<class 'numpy.ndarray'>, shape=(1210,)
DEBUG: test_times type=<class 'numpy.ndarray'>, shape=(1210,)
DEBUG: test_closes type=<class 'numpy.ndarray'>, shape=(1210,)
DEBUG: test_closes type=<class 'numpy.ndarray'>, shape=(1210,)
[ULTRA-FAST TURBO] Training HMM...
[ULTRA-FAST TURBO] Training HMM...
DEBUG: Generated params: {'measurement_noise_r': 0.99232043245068, 'process_noise_q': 0.1974449610129091, 'hmm_window_size': 100, 'prob_threshold_trend': 0.7355127843006135, 'prob_threshold_sideways': 0.4328455394397941, 'prob_threshold_dead': 0.7233466318617527, 'ou_window_size': 65, 'hl_min': 24.86456893748262, 'hl_max': 97.06675600922904, 'relative_uncertainty_threshold': 0.2152967801820073, 'uncertainty_threshold': 0.6809386751709685, 's_entry': 3.2758350928218958, 'z_stop': 5.353357144962397, 'timeout_multiplier': 3.9625777974124645, 'initial_capital': 20678.724347705655, 'commission_pct': 0.0002570305601685611}
DEBUG: Using data_key=p25, data_size_pct=0.25
DEBUG: Accessing cached_data with key 'p25'
DEBUG: Available keys in cached_data: ['full', 'p50', 'p25', 'p10', 'full_size']
DEBUG: Retrieved data_arrays, type=<class 'pandas.core.frame.DataFrame'>
DEBUG: data_key=p25
DEBUG: data_arrays keys=['Symbol', 'time', 'open', 'high', 'low', 'close', 'Volume', 'datetime', 'price_range', 'body_size']
DEBUG: 'times' in data_arrays=False
DEBUG: 'closes' in data_arrays=False
DEBUG: Calling turbo_process_dataset with numpy arrays...
DEBUG: About to call strategy.turbo_process_dataset
DEBUG: times available: False
DEBUG: closes available: False
DEBUG: turbo_process_dataset called
DEBUG: times type=<class 'numpy.ndarray'>, is None=False
DEBUG: times shape=(4320,)
DEBUG: prices type=<class 'numpy.ndarray'>, is None=False
DEBUG: prices shape=(4320,)
DEBUG: closes type=<class 'numpy.ndarray'>, is None=False
DEBUG: closes shape=(4320,)
[ULTRA-FAST TURBO] Processing 4320 bars directly with numpy arrays...
DEBUG: Data split - train_size=1296, test_times len=3024
DEBUG: test_times type=<class 'numpy.ndarray'>, shape=(3024,)
DEBUG: test_closes type=<class 'numpy.ndarray'>, shape=(3024,)
[ULTRA-FAST TURBO] Detecting regimes (batch)...
[ULTRA-FAST TURBO] Training HMM...
[ULTRA-FAST TURBO] Detecting regimes (batch)...
[ULTRA-FAST TURBO] Detecting regimes (batch)...
[ULTRA-FAST TURBO] Running Kalman Filter (batch)...
[ULTRA-FAST TURBO] Calculating OU half-lives (vectorized)...
[ULTRA-FAST TURBO] Calculating OU half-lives (vectorized)...
[ULTRA-FAST TURBO] Generating signals...
[ULTRA-FAST TURBO] Running Kalman Filter (batch)...
[ULTRA-FAST TURBO] Generating signals...
[ULTRA-FAST TURBO] Building trades...
DEBUG: _build_trades_vectorized called
DEBUG: times type=<class 'numpy.ndarray'>, shape=(1210,)
DEBUG: prices type=<class 'numpy.ndarray'>, shape=(1210,)
DEBUG: z_scores type=<class 'numpy.ndarray'>, shape=(1210,)
[ULTRA-FAST TURBO] Building trades...
[ULTRA-FAST TURBO] Complete! Generated 0 trades
DEBUG: _build_trades_vectorized called
DEBUG: turbo_process_dataset completed successfully
[I 2025-10-07 01:51:08,970] Trial 2 finished with value: -10.0 and parameters: {'measurement_noise_r': 1.9322666913115092, 'process_noise_q': 0.03796658372813542, 'hmm_window_size': 64, 'prob_threshold_trend': 0.5820473277418208, 'prob_threshold_sideways': 0.3193941319300473, 'prob_threshold_dead': 0.71482389623433, 'ou_window_size': 58, 'hl_min': 9.61535239554895, 'hl_max': 182.92614161338597, 'relative_uncertainty_threshold': 0.3567308885919249, 'uncertainty_threshold': 0.2251048589850469, 's_entry': 3.857933394861658, 'z_stop': 5.257623384072609, 'timeout_multiplier': 2.58108805944445, 'initial_capital': 53486.57915449992, 'commission_pct': 0.00046604361989254633}. Best is trial 5 with value: -10.0.
DEBUG: times type=<class 'numpy.ndarray'>, shape=(1210,)
DEBUG: prices type=<class 'numpy.ndarray'>, shape=(1210,)
DEBUG: z_scores type=<class 'numpy.ndarray'>, shape=(1210,)
DEBUG: Starting trial 11
[ULTRA-FAST TURBO] Complete! Generated 0 trades
[ULTRA-FAST TURBO] Calculating OU half-lives (vectorized)...
DEBUG: turbo_process_dataset completed successfully
[I 2025-10-07 01:51:08,998] Trial 3 finished with value: -10.0 and parameters: {'measurement_noise_r': 0.8744755168192068, 'process_noise_q': 0.0559245048175226, 'hmm_window_size': 34, 'prob_threshold_trend': 0.8336806198194697, 'prob_threshold_sideways': 0.6278923508921337, 'prob_threshold_dead': 0.7036092970894667, 'ou_window_size': 137, 'hl_min': 29.983461055037214, 'hl_max': 68.72850841159264, 'relative_uncertainty_threshold': 0.9253926653009839, 'uncertainty_threshold': 0.8699101590490417, 's_entry': 1.7446552645416702, 'z_stop': 3.4414333369346615, 'timeout_multiplier': 2.4819997731027463, 'initial_capital': 92462.56078012324, 'commission_pct': 0.00044404552451020866}. Best is trial 5 with value: -10.0.
DEBUG: Generated params: {'measurement_noise_r': 1.63299605708754, 'process_noise_q': 0.010885991148344541, 'hmm_window_size': 84, 'prob_threshold_trend': 0.6334748662609934, 'prob_threshold_sideways': 0.8075681196819893, 'prob_threshold_dead': 0.8919771945302845, 'ou_window_size': 91, 'hl_min': 18.401391370587657, 'hl_max': 78.02192794339528, 'relative_uncertainty_threshold': 0.6903450341144497, 'uncertainty_threshold': 0.992825531537699, 's_entry': 2.8292728842900705, 'z_stop': 5.166093292958768, 'timeout_multiplier': 2.708912999310193, 'initial_capital': 56953.17606156053, 'commission_pct': 0.00047336055303227604}
DEBUG: Using data_key=p25, data_size_pct=0.25
DEBUG: Accessing cached_data with key 'p25'
DEBUG: Available keys in cached_data: ['full', 'p50', 'p25', 'p10', 'full_size']
DEBUG: Starting trial 12
DEBUG: Retrieved data_arrays, type=<class 'pandas.core.frame.DataFrame'>
DEBUG: data_key=p25
DEBUG: data_arrays keys=['Symbol', 'time', 'open', 'high', 'low', 'close', 'Volume', 'datetime', 'price_range', 'body_size']
DEBUG: 'times' in data_arrays=False
DEBUG: 'closes' in data_arrays=False
DEBUG: Calling turbo_process_dataset with numpy arrays...
DEBUG: About to call strategy.turbo_process_dataset
DEBUG: times available: False
DEBUG: closes available: False
DEBUG: turbo_process_dataset called
DEBUG: times type=<class 'numpy.ndarray'>, is None=False
DEBUG: times shape=(4320,)
DEBUG: Generated params: {'measurement_noise_r': 1.9099513530997123, 'process_noise_q': 0.13455834988533272, 'hmm_window_size': 75, 'prob_threshold_trend': 0.9432054240608971, 'prob_threshold_sideways': 0.4503219455031209, 'prob_threshold_dead': 0.9463271205136403, 'ou_window_size': 59, 'hl_min': 18.81578208800884, 'hl_max': 129.57774215863088, 'relative_uncertainty_threshold': 0.9601267910038518, 'uncertainty_threshold': 0.5970012282384123, 's_entry': 3.2540246179870307, 'z_stop': 2.674271053462119, 'timeout_multiplier': 2.0381417583424066, 'initial_capital': 37729.96332836466, 'commission_pct': 0.00035626380912141153}
DEBUG: prices type=<class 'numpy.ndarray'>, is None=False
DEBUG: Using data_key=p25, data_size_pct=0.25
DEBUG: prices shape=(4320,)
DEBUG: closes type=<class 'numpy.ndarray'>, is None=False
DEBUG: Accessing cached_data with key 'p25'
DEBUG: closes shape=(4320,)
DEBUG: Available keys in cached_data: ['full', 'p50', 'p25', 'p10', 'full_size']
[ULTRA-FAST TURBO] Processing 4320 bars directly with numpy arrays...
DEBUG: Retrieved data_arrays, type=<class 'pandas.core.frame.DataFrame'>
[ULTRA-FAST TURBO] Generating signals...
DEBUG: data_key=p25
DEBUG: Data split - train_size=1296, test_times len=3024
[ULTRA-FAST TURBO] Detecting regimes (batch)...
[ULTRA-FAST TURBO] Building trades...
DEBUG: data_arrays keys=['Symbol', 'time', 'open', 'high', 'low', 'close', 'Volume', 'datetime', 'price_range', 'body_size']
DEBUG: _build_trades_vectorized called
DEBUG: 'times' in data_arrays=False
DEBUG: times type=<class 'numpy.ndarray'>, shape=(1210,)
DEBUG: 'closes' in data_arrays=False
DEBUG: prices type=<class 'numpy.ndarray'>, shape=(1210,)
DEBUG: Calling turbo_process_dataset with numpy arrays...
DEBUG: test_times type=<class 'numpy.ndarray'>, shape=(3024,)
DEBUG: z_scores type=<class 'numpy.ndarray'>, shape=(1210,)
DEBUG: About to call strategy.turbo_process_dataset
[ULTRA-FAST TURBO] Complete! Generated 0 trades
DEBUG: times available: False
DEBUG: turbo_process_dataset completed successfully
[I 2025-10-07 01:51:09,100] Trial 4 finished with value: -10.0 and parameters: {'measurement_noise_r': 0.8627688209294934, 'process_noise_q': 0.052242735132103126, 'hmm_window_size': 91, 'prob_threshold_trend': 0.666530238918948, 'prob_threshold_sideways': 0.47185563180971984, 'prob_threshold_dead': 0.9099294131182841, 'ou_window_size': 169, 'hl_min': 26.74983615367924, 'hl_max': 161.47098355016934, 'relative_uncertainty_threshold': 0.4661804078970673, 'uncertainty_threshold': 0.40706064161424016, 's_entry': 2.3484703665423656, 'z_stop': 3.3397873105263147, 'timeout_multiplier': 3.2397421188777797, 'initial_capital': 9162.68655775872, 'commission_pct': 0.0003649179587473886}. Best is trial 5 with value: -10.0.
DEBUG: closes available: False
DEBUG: test_closes type=<class 'numpy.ndarray'>, shape=(3024,)
DEBUG: turbo_process_dataset called
[ULTRA-FAST TURBO] Training HMM...
DEBUG: times type=<class 'numpy.ndarray'>, is None=False
DEBUG: Starting trial 13
DEBUG: times shape=(4320,)
DEBUG: prices type=<class 'numpy.ndarray'>, is None=False
DEBUG: prices shape=(4320,)
DEBUG: closes type=<class 'numpy.ndarray'>, is None=False
DEBUG: closes shape=(4320,)
[ULTRA-FAST TURBO] Processing 4320 bars directly with numpy arrays...
DEBUG: Data split - train_size=1296, test_times len=3024
DEBUG: Generated params: {'measurement_noise_r': 1.9849831591793616, 'process_noise_q': 0.18166404098326577, 'hmm_window_size': 48, 'prob_threshold_trend': 0.5219096122412158, 'prob_threshold_sideways': 0.3454262833224874, 'prob_threshold_dead': 0.7904590400889511, 'ou_window_size': 147, 'hl_min': 23.554025626006137, 'hl_max': 125.12263212140162, 'relative_uncertainty_threshold': 0.6678297346342008, 'uncertainty_threshold': 0.5971499104507554, 's_entry': 1.2353404996762454, 'z_stop': 3.0108613181004387, 'timeout_multiplier': 2.2118686050680108, 'initial_capital': 38180.81491466715, 'commission_pct': 0.00040776993404924273}
DEBUG: test_times type=<class 'numpy.ndarray'>, shape=(3024,)
DEBUG: test_closes type=<class 'numpy.ndarray'>, shape=(3024,)
DEBUG: Using data_key=p25, data_size_pct=0.25
[ULTRA-FAST TURBO] Training HMM...
DEBUG: Accessing cached_data with key 'p25'
DEBUG: Available keys in cached_data: ['full', 'p50', 'p25', 'p10', 'full_size']
DEBUG: Retrieved data_arrays, type=<class 'pandas.core.frame.DataFrame'>
DEBUG: data_key=p25
DEBUG: data_arrays keys=['Symbol', 'time', 'open', 'high', 'low', 'close', 'Volume', 'datetime', 'price_range', 'body_size']
DEBUG: 'times' in data_arrays=False
DEBUG: 'closes' in data_arrays=False
DEBUG: Calling turbo_process_dataset with numpy arrays...